-------------------------------------------------------------------------------
Test set: TestSuite
-------------------------------------------------------------------------------
Tests run: 7, Failures: 1, Errors: 0, Skipped: 0, Time elapsed: 3.816 sec <<< FAILURE! - in TestSuite
share(com.wanmen.cases.users.FavoriteTest)  Time elapsed: 0.312 sec  <<< FAILURE!
java.lang.AssertionError: expected [5] but found [0]
	at com.wanmen.cases.users.FavoriteTest.share(FavoriteTest.java:61)

